# JRE version: Java(TM) SE Runtime Environment (21.0.7+8) (build 21.0.7+8-LTS-245)
# Java VM: Java HotSpot(TM) 64-Bit Server VM (21.0.7+8-LTS-245, mixed mode, sharing, tiered, compressed oops, compressed class ptrs, parallel gc, windows-amd64)
GC Precious Log:
 CardTable entry size: 512
 CPUs: 8 total, 8 available
 Memory: 6058M
 Large Page Support: Disabled
 NUMA Support: Disabled
 Compressed Oops: Enabled (32-bit)
 Alignments: Space 512K, Generation 512K, Heap 2M
 Heap Min Capacity: 100M
 Heap Initial Capacity: 100M
 Heap Max Capacity: 2G
 Pre-touch: Disabled
 Parallel Workers: 8
Heap:
 PSYoungGen      total 20480K, used 11281K [0x00000000d5580000, 0x00000000d7b80000, 0x0000000100000000)
  eden space 16384K, 44% used [0x00000000d5580000,0x00000000d5c8ac68,0x00000000d6580000)
  from space 4096K, 99% used [0x00000000d6e80000,0x00000000d7279ad8,0x00000000d7280000)
  to   space 9216K, 0% used [0x00000000d6580000,0x00000000d6580000,0x00000000d6e80000)
 ParOldGen       total 68608K, used 62167K [0x0000000080000000, 0x0000000084300000, 0x00000000d5580000)
  object space 68608K, 90% used [0x0000000080000000,0x0000000083cb5e28,0x0000000084300000)
 Metaspace       used 60801K, committed 62272K, reserved 1114112K
  class space    used 6357K, committed 7040K, reserved 1048576K
GC Heap History (20 events):
Event: 27.097 GC heap before
{Heap before GC invocations=34 (full 3):
 PSYoungGen      total 24064K, used 22016K [0x00000000d5580000, 0x00000000d7100000, 0x0000000100000000)
  eden space 22016K, 100% used [0x00000000d5580000,0x00000000d6b00000,0x00000000d6b00000)
  from space 2048K, 0% used [0x00000000d6f00000,0x00000000d6f00000,0x00000000d7100000)
  to   space 2560K, 0% used [0x00000000d6c00000,0x00000000d6c00000,0x00000000d6e80000)
 ParOldGen       total 68608K, used 37553K [0x0000000080000000, 0x0000000084300000, 0x00000000d5580000)
  object space 68608K, 54% used [0x0000000080000000,0x00000000824ac770,0x0000000084300000)
 Metaspace       used 58670K, committed 60032K, reserved 1114112K
  class space    used 6172K, committed 6784K, reserved 1048576K
}
Event: 27.101 GC heap after
{Heap after GC invocations=34 (full 3):
 PSYoungGen      total 24576K, used 2048K [0x00000000d5580000, 0x00000000d7000000, 0x0000000100000000)
  eden space 22016K, 0% used [0x00000000d5580000,0x00000000d5580000,0x00000000d6b00000)
  from space 2560K, 80% used [0x00000000d6c00000,0x00000000d6e00010,0x00000000d6e80000)
  to   space 1536K, 0% used [0x00000000d6e80000,0x00000000d6e80000,0x00000000d7000000)
 ParOldGen       total 68608K, used 37553K [0x0000000080000000, 0x0000000084300000, 0x00000000d5580000)
  object space 68608K, 54% used [0x0000000080000000,0x00000000824ac770,0x0000000084300000)
 Metaspace       used 58670K, committed 60032K, reserved 1114112K
  class space    used 6172K, committed 6784K, reserved 1048576K
}
Event: 27.236 GC heap before
{Heap before GC invocations=35 (full 3):
 PSYoungGen      total 24576K, used 24064K [0x00000000d5580000, 0x00000000d7000000, 0x0000000100000000)
  eden space 22016K, 100% used [0x00000000d5580000,0x00000000d6b00000,0x00000000d6b00000)
  from space 2560K, 80% used [0x00000000d6c00000,0x00000000d6e00010,0x00000000d6e80000)
  to   space 1536K, 0% used [0x00000000d6e80000,0x00000000d6e80000,0x00000000d7000000)
 ParOldGen       total 68608K, used 37553K [0x0000000080000000, 0x0000000084300000, 0x00000000d5580000)
  object space 68608K, 54% used [0x0000000080000000,0x00000000824ac770,0x0000000084300000)
 Metaspace       used 58764K, committed 60160K, reserved 1114112K
  class space    used 6178K, committed 6784K, reserved 1048576K
}
Event: 27.243 GC heap after
{Heap after GC invocations=35 (full 3):
 PSYoungGen      total 22016K, used 1535K [0x00000000d5580000, 0x00000000d7500000, 0x0000000100000000)
  eden space 20480K, 0% used [0x00000000d5580000,0x00000000d5580000,0x00000000d6980000)
  from space 1536K, 99% used [0x00000000d6e80000,0x00000000d6fffc70,0x00000000d7000000)
  to   space 5120K, 0% used [0x00000000d6980000,0x00000000d6980000,0x00000000d6e80000)
 ParOldGen       total 68608K, used 40365K [0x0000000080000000, 0x0000000084300000, 0x00000000d5580000)
  object space 68608K, 58% used [0x0000000080000000,0x000000008276b780,0x0000000084300000)
 Metaspace       used 58764K, committed 60160K, reserved 1114112K
  class space    used 6178K, committed 6784K, reserved 1048576K
}
Event: 27.332 GC heap before
{Heap before GC invocations=36 (full 3):
 PSYoungGen      total 22016K, used 22015K [0x00000000d5580000, 0x00000000d7500000, 0x0000000100000000)
  eden space 20480K, 100% used [0x00000000d5580000,0x00000000d6980000,0x00000000d6980000)
  from space 1536K, 99% used [0x00000000d6e80000,0x00000000d6fffc70,0x00000000d7000000)
  to   space 5120K, 0% used [0x00000000d6980000,0x00000000d6980000,0x00000000d6e80000)
 ParOldGen       total 68608K, used 40365K [0x0000000080000000, 0x0000000084300000, 0x00000000d5580000)
  object space 68608K, 58% used [0x0000000080000000,0x000000008276b780,0x0000000084300000)
 Metaspace       used 58822K, committed 60160K, reserved 1114112K
  class space    used 6185K, committed 6784K, reserved 1048576K
}
Event: 27.339 GC heap after
{Heap after GC invocations=36 (full 3):
 PSYoungGen      total 23040K, used 2103K [0x00000000d5580000, 0x00000000d6f80000, 0x0000000100000000)
  eden space 20480K, 0% used [0x00000000d5580000,0x00000000d5580000,0x00000000d6980000)
  from space 2560K, 82% used [0x00000000d6980000,0x00000000d6b8df08,0x00000000d6c00000)
  to   space 3072K, 0% used [0x00000000d6c80000,0x00000000d6c80000,0x00000000d6f80000)
 ParOldGen       total 68608K, used 41901K [0x0000000080000000, 0x0000000084300000, 0x00000000d5580000)
  object space 68608K, 61% used [0x0000000080000000,0x00000000828eb6c8,0x0000000084300000)
 Metaspace       used 58822K, committed 60160K, reserved 1114112K
  class space    used 6185K, committed 6784K, reserved 1048576K
}
Event: 27.458 GC heap before
{Heap before GC invocations=37 (full 3):
 PSYoungGen      total 23040K, used 22583K [0x00000000d5580000, 0x00000000d6f80000, 0x0000000100000000)
  eden space 20480K, 100% used [0x00000000d5580000,0x00000000d6980000,0x00000000d6980000)
  from space 2560K, 82% used [0x00000000d6980000,0x00000000d6b8df08,0x00000000d6c00000)
  to   space 3072K, 0% used [0x00000000d6c80000,0x00000000d6c80000,0x00000000d6f80000)
 ParOldGen       total 68608K, used 41901K [0x0000000080000000, 0x0000000084300000, 0x00000000d5580000)
  object space 68608K, 61% used [0x0000000080000000,0x00000000828eb6c8,0x0000000084300000)
 Metaspace       used 58861K, committed 60224K, reserved 1114112K
  class space    used 6185K, committed 6784K, reserved 1048576K
}
Event: 27.464 GC heap after
{Heap after GC invocations=37 (full 3):
 PSYoungGen      total 23040K, used 2459K [0x00000000d5580000, 0x00000000d6f00000, 0x0000000100000000)
  eden space 20480K, 0% used [0x00000000d5580000,0x00000000d5580000,0x00000000d6980000)
  from space 2560K, 96% used [0x00000000d6c80000,0x00000000d6ee6c18,0x00000000d6f00000)
  to   space 2560K, 0% used [0x00000000d6980000,0x00000000d6980000,0x00000000d6c00000)
 ParOldGen       total 68608K, used 43794K [0x0000000080000000, 0x0000000084300000, 0x00000000d5580000)
  object space 68608K, 63% used [0x0000000080000000,0x0000000082ac4a60,0x0000000084300000)
 Metaspace       used 58861K, committed 60224K, reserved 1114112K
  class space    used 6185K, committed 6784K, reserved 1048576K
}
Event: 27.563 GC heap before
{Heap before GC invocations=38 (full 3):
 PSYoungGen      total 23040K, used 22939K [0x00000000d5580000, 0x00000000d6f00000, 0x0000000100000000)
  eden space 20480K, 100% used [0x00000000d5580000,0x00000000d6980000,0x00000000d6980000)
  from space 2560K, 96% used [0x00000000d6c80000,0x00000000d6ee6c18,0x00000000d6f00000)
  to   space 2560K, 0% used [0x00000000d6980000,0x00000000d6980000,0x00000000d6c00000)
 ParOldGen       total 68608K, used 43794K [0x0000000080000000, 0x0000000084300000, 0x00000000d5580000)
  object space 68608K, 63% used [0x0000000080000000,0x0000000082ac4a60,0x0000000084300000)
 Metaspace       used 58889K, committed 60224K, reserved 1114112K
  class space    used 6185K, committed 6784K, reserved 1048576K
}
Event: 27.570 GC heap after
{Heap after GC invocations=38 (full 3):
 PSYoungGen      total 23040K, used 2282K [0x00000000d5580000, 0x00000000d6e80000, 0x0000000100000000)
  eden space 20480K, 0% used [0x00000000d5580000,0x00000000d5580000,0x00000000d6980000)
  from space 2560K, 89% used [0x00000000d6980000,0x00000000d6bba938,0x00000000d6c00000)
  to   space 2560K, 0% used [0x00000000d6c00000,0x00000000d6c00000,0x00000000d6e80000)
 ParOldGen       total 68608K, used 46083K [0x0000000080000000, 0x0000000084300000, 0x00000000d5580000)
  object space 68608K, 67% used [0x0000000080000000,0x0000000082d00fc0,0x0000000084300000)
 Metaspace       used 58889K, committed 60224K, reserved 1114112K
  class space    used 6185K, committed 6784K, reserved 1048576K
}
Event: 27.713 GC heap before
{Heap before GC invocations=39 (full 3):
 PSYoungGen      total 23040K, used 22762K [0x00000000d5580000, 0x00000000d6e80000, 0x0000000100000000)
  eden space 20480K, 100% used [0x00000000d5580000,0x00000000d6980000,0x00000000d6980000)
  from space 2560K, 89% used [0x00000000d6980000,0x00000000d6bba938,0x00000000d6c00000)
  to   space 2560K, 0% used [0x00000000d6c00000,0x00000000d6c00000,0x00000000d6e80000)
 ParOldGen       total 68608K, used 46083K [0x0000000080000000, 0x0000000084300000, 0x00000000d5580000)
  object space 68608K, 67% used [0x0000000080000000,0x0000000082d00fc0,0x0000000084300000)
 Metaspace       used 59064K, committed 60416K, reserved 1114112K
  class space    used 6202K, committed 6784K, reserved 1048576K
}
Event: 27.720 GC heap after
{Heap after GC invocations=39 (full 3):
 PSYoungGen      total 23040K, used 1948K [0x00000000d5580000, 0x00000000d6e80000, 0x0000000100000000)
  eden space 20480K, 0% used [0x00000000d5580000,0x00000000d5580000,0x00000000d6980000)
  from space 2560K, 76% used [0x00000000d6c00000,0x00000000d6de7308,0x00000000d6e80000)
  to   space 2560K, 0% used [0x00000000d6980000,0x00000000d6980000,0x00000000d6c00000)
 ParOldGen       total 68608K, used 48256K [0x0000000080000000, 0x0000000084300000, 0x00000000d5580000)
  object space 68608K, 70% used [0x0000000080000000,0x0000000082f20000,0x0000000084300000)
 Metaspace       used 59064K, committed 60416K, reserved 1114112K
  class space    used 6202K, committed 6784K, reserved 1048576K
}
Event: 28.026 GC heap before
{Heap before GC invocations=40 (full 3):
 PSYoungGen      total 23040K, used 22428K [0x00000000d5580000, 0x00000000d6e80000, 0x0000000100000000)
  eden space 20480K, 100% used [0x00000000d5580000,0x00000000d6980000,0x00000000d6980000)
  from space 2560K, 76% used [0x00000000d6c00000,0x00000000d6de7308,0x00000000d6e80000)
  to   space 2560K, 0% used [0x00000000d6980000,0x00000000d6980000,0x00000000d6c00000)
 ParOldGen       total 68608K, used 48256K [0x0000000080000000, 0x0000000084300000, 0x00000000d5580000)
  object space 68608K, 70% used [0x0000000080000000,0x0000000082f20000,0x0000000084300000)
 Metaspace       used 59302K, committed 60672K, reserved 1114112K
  class space    used 6217K, committed 6784K, reserved 1048576K
}
Event: 28.036 GC heap after
{Heap after GC invocations=40 (full 3):
 PSYoungGen      total 23040K, used 2553K [0x00000000d5580000, 0x00000000d7680000, 0x0000000100000000)
  eden space 20480K, 0% used [0x00000000d5580000,0x00000000d5580000,0x00000000d6980000)
  from space 2560K, 99% used [0x00000000d6980000,0x00000000d6bfe6c8,0x00000000d6c00000)
  to   space 6656K, 0% used [0x00000000d7000000,0x00000000d7000000,0x00000000d7680000)
 ParOldGen       total 68608K, used 51363K [0x0000000080000000, 0x0000000084300000, 0x00000000d5580000)
  object space 68608K, 74% used [0x0000000080000000,0x0000000083228fd0,0x0000000084300000)
 Metaspace       used 59302K, committed 60672K, reserved 1114112K
  class space    used 6217K, committed 6784K, reserved 1048576K
}
Event: 28.345 GC heap before
{Heap before GC invocations=41 (full 3):
 PSYoungGen      total 23040K, used 23033K [0x00000000d5580000, 0x00000000d7680000, 0x0000000100000000)
  eden space 20480K, 100% used [0x00000000d5580000,0x00000000d6980000,0x00000000d6980000)
  from space 2560K, 99% used [0x00000000d6980000,0x00000000d6bfe6c8,0x00000000d6c00000)
  to   space 6656K, 0% used [0x00000000d7000000,0x00000000d7000000,0x00000000d7680000)
 ParOldGen       total 68608K, used 51363K [0x0000000080000000, 0x0000000084300000, 0x00000000d5580000)
  object space 68608K, 74% used [0x0000000080000000,0x0000000083228fd0,0x0000000084300000)
 Metaspace       used 59315K, committed 60672K, reserved 1114112K
  class space    used 6217K, committed 6784K, reserved 1048576K
}
Event: 28.351 GC heap after
{Heap after GC invocations=41 (full 3):
 PSYoungGen      total 25088K, used 4604K [0x00000000d5580000, 0x00000000d7480000, 0x0000000100000000)
  eden space 20480K, 0% used [0x00000000d5580000,0x00000000d5580000,0x00000000d6980000)
  from space 4608K, 99% used [0x00000000d7000000,0x00000000d747f2f0,0x00000000d7480000)
  to   space 5120K, 0% used [0x00000000d6a80000,0x00000000d6a80000,0x00000000d6f80000)
 ParOldGen       total 68608K, used 53821K [0x0000000080000000, 0x0000000084300000, 0x00000000d5580000)
  object space 68608K, 78% used [0x0000000080000000,0x000000008348f548,0x0000000084300000)
 Metaspace       used 59315K, committed 60672K, reserved 1114112K
  class space    used 6217K, committed 6784K, reserved 1048576K
}
Event: 28.693 GC heap before
{Heap before GC invocations=42 (full 3):
 PSYoungGen      total 25088K, used 25084K [0x00000000d5580000, 0x00000000d7480000, 0x0000000100000000)
  eden space 20480K, 100% used [0x00000000d5580000,0x00000000d6980000,0x00000000d6980000)
  from space 4608K, 99% used [0x00000000d7000000,0x00000000d747f2f0,0x00000000d7480000)
  to   space 5120K, 0% used [0x00000000d6a80000,0x00000000d6a80000,0x00000000d6f80000)
 ParOldGen       total 68608K, used 53821K [0x0000000080000000, 0x0000000084300000, 0x00000000d5580000)
  object space 68608K, 78% used [0x0000000080000000,0x000000008348f548,0x0000000084300000)
 Metaspace       used 59697K, committed 61056K, reserved 1114112K
  class space    used 6239K, committed 6848K, reserved 1048576K
}
Event: 28.702 GC heap after
{Heap after GC invocations=42 (full 3):
 PSYoungGen      total 24576K, used 3810K [0x00000000d5580000, 0x00000000d7280000, 0x0000000100000000)
  eden space 20480K, 0% used [0x00000000d5580000,0x00000000d5580000,0x00000000d6980000)
  from space 4096K, 93% used [0x00000000d6a80000,0x00000000d6e38820,0x00000000d6e80000)
  to   space 4096K, 0% used [0x00000000d6e80000,0x00000000d6e80000,0x00000000d7280000)
 ParOldGen       total 68608K, used 58089K [0x0000000080000000, 0x0000000084300000, 0x00000000d5580000)
  object space 68608K, 84% used [0x0000000080000000,0x00000000838ba440,0x0000000084300000)
 Metaspace       used 59697K, committed 61056K, reserved 1114112K
  class space    used 6239K, committed 6848K, reserved 1048576K
}
Event: 29.200 GC heap before
{Heap before GC invocations=43 (full 3):
 PSYoungGen      total 24576K, used 24290K [0x00000000d5580000, 0x00000000d7280000, 0x0000000100000000)
  eden space 20480K, 100% used [0x00000000d5580000,0x00000000d6980000,0x00000000d6980000)
  from space 4096K, 93% used [0x00000000d6a80000,0x00000000d6e38820,0x00000000d6e80000)
  to   space 4096K, 0% used [0x00000000d6e80000,0x00000000d6e80000,0x00000000d7280000)
 ParOldGen       total 68608K, used 58089K [0x0000000080000000, 0x0000000084300000, 0x00000000d5580000)
  object space 68608K, 84% used [0x0000000080000000,0x00000000838ba440,0x0000000084300000)
 Metaspace       used 60286K, committed 61696K, reserved 1114112K
  class space    used 6299K, committed 6912K, reserved 1048576K
}
Event: 29.210 GC heap after
{Heap after GC invocations=43 (full 3):
 PSYoungGen      total 20480K, used 4070K [0x00000000d5580000, 0x00000000d7b80000, 0x0000000100000000)
  eden space 16384K, 0% used [0x00000000d5580000,0x00000000d5580000,0x00000000d6580000)
  from space 4096K, 99% used [0x00000000d6e80000,0x00000000d7279ad8,0x00000000d7280000)
  to   space 9216K, 0% used [0x00000000d6580000,0x00000000d6580000,0x00000000d6e80000)
 ParOldGen       total 68608K, used 62167K [0x0000000080000000, 0x0000000084300000, 0x00000000d5580000)
  object space 68608K, 90% used [0x0000000080000000,0x0000000083cb5e28,0x0000000084300000)
 Metaspace       used 60286K, committed 61696K, reserved 1114112K
  class space    used 6299K, committed 6912K, reserved 1048576K
}

